--- Startup times for process: Primary (or UI client) ---

times in msec
 clock   self+sourced   self:  sourced script
 clock   elapsed:              other lines

000.001  000.001: --- NVIM STARTING ---
000.238  000.237: event init
000.353  000.115: early init
000.415  000.062: locale set
000.490  000.075: init first window
001.095  000.605: inits 1
001.107  000.012: window checked
001.161  000.054: parsing arguments
001.725  000.047  000.047: require('vim.shared')
001.830  000.045  000.045: require('vim.inspect')
001.883  000.043  000.043: require('vim._options')
001.886  000.154  000.066: require('vim._editor')
001.887  000.231  000.029: require('vim._init_packages')
001.890  000.498: init lua interpreter
005.250  003.360: nvim_ui_attach
006.155  000.905: nvim_set_client_info
006.157  000.002: --- NVIM STARTED ---

--- Startup times for process: Embedded ---

times in msec
 clock   self+sourced   self:  sourced script
 clock   elapsed:              other lines

000.001  000.001: --- NVIM STARTING ---
000.206  000.204: event init
000.328  000.122: early init
000.391  000.063: locale set
000.457  000.066: init first window
001.084  000.627: inits 1
001.108  000.024: window checked
001.171  000.063: parsing arguments
001.712  000.047  000.047: require('vim.shared')
001.823  000.042  000.042: require('vim.inspect')
001.877  000.044  000.044: require('vim._options')
001.879  000.164  000.078: require('vim._editor')
001.880  000.233  000.023: require('vim._init_packages')
001.883  000.479: init lua interpreter
002.022  000.139: expanding arguments
002.069  000.047: inits 2
002.595  000.526: init highlight
002.596  000.001: waiting for UI
003.033  000.436: done waiting for UI
003.091  000.059: clear screen
003.244  000.011  000.011: require('vim.keymap')
004.197  000.250  000.250: sourcing nvim_exec2()
004.874  000.578  000.578: require('vim.termcap')
004.910  000.021  000.021: require('vim.text')
005.008  001.913  001.054: require('vim._defaults')
005.009  000.005: init default mappings & autocommands
005.123  000.071  000.071: sourcing /usr/local/share/nvim/runtime/ftplugin.vim
005.225  000.047  000.047: sourcing /usr/local/share/nvim/runtime/indent.vim
006.693  000.025  000.025: require('vim.fs')
006.722  000.247  000.222: require('vim.lsp.log')
008.052  001.328  001.328: require('vim.lsp.protocol')
009.540  001.480  001.480: require('vim.lsp.util')
010.059  000.225  000.225: require('vim.lsp.sync')
010.068  000.523  000.299: require('vim.lsp._changetracking')
010.649  000.208  000.208: require('vim.lsp._transport')
010.809  000.011  000.011: require('string.buffer')
010.817  000.138  000.127: require('vim._stringbuffer')
010.829  000.758  000.411: require('vim.lsp.rpc')
010.898  005.259  000.923: require('vim.lsp')
011.548  006.001  000.742: require('config.options')
012.196  000.519  000.519: require('lazy')
012.229  000.020  000.020: require('ffi')
012.402  000.119  000.119: require('vim.uri')
012.419  000.188  000.069: require('vim.loader')
012.589  000.147  000.147: require('lazy.stats')
012.710  000.102  000.102: require('lazy.core.util')
012.873  000.160  000.160: require('lazy.core.config')
013.169  000.140  000.140: require('lazy.core.handler')
013.513  000.160  000.160: require('lazy.pkg')
013.518  000.241  000.082: require('lazy.core.meta')
013.523  000.351  000.109: require('lazy.core.plugin')
013.528  000.652  000.162: require('lazy.core.loader')
013.870  000.067  000.067: require('lazy.core.fragments')
014.496  000.116  000.116: require('config.config')
017.030  000.198  000.198: require('config.icons')
018.653  000.385  000.385: require('utils.sops')
018.725  000.068  000.068: require('utils.kubernetes')
020.504  000.113  000.113: require('plenary.compat')
020.587  000.080  000.080: require('plenary.functional')
020.594  001.802  001.610: require('plenary.job')
020.602  001.870  000.067: require('utils.diff')
020.651  000.048  000.048: require('utils.diagnostics')
020.900  000.005  000.005: require('vim.F')
020.941  000.287  000.282: require('vim.diagnostic')
021.008  000.063  000.063: require('utils.platform')
021.018  002.831  000.110: require('utils')
024.649  001.922  001.922: require('vim.filetype')
029.426  000.223  000.223: require('lazy.core.handler.event')
029.436  000.950  000.727: require('lazy.core.handler.ft')
029.685  000.237  000.237: require('lazy.core.handler.keys')
029.852  000.148  000.148: require('lazy.core.handler.cmd')
031.526  000.012  000.012: sourcing nvim_exec2() called at /home/hcasten/.dotfiles/.config/nvim/init.lua:0
031.545  000.003  000.003: sourcing nvim_exec2() called at /home/hcasten/.dotfiles/.config/nvim/init.lua:0
032.141  000.006  000.006: sourcing nvim_exec2() called at /home/hcasten/.dotfiles/.config/nvim/init.lua:0
032.846  000.122  000.122: sourcing /home/hcasten/.local/share/nvim/lazy/go.nvim/ftdetect/filetype.vim
032.853  000.179  000.056: sourcing nvim_exec2() called at /home/hcasten/.dotfiles/.config/nvim/init.lua:0
032.861  000.003  000.003: sourcing nvim_exec2() called at /home/hcasten/.dotfiles/.config/nvim/init.lua:0
032.892  000.003  000.003: sourcing nvim_exec2() called at /home/hcasten/.dotfiles/.config/nvim/init.lua:0
032.907  000.002  000.002: sourcing nvim_exec2() called at /home/hcasten/.dotfiles/.config/nvim/init.lua:0
033.542  000.007  000.007: sourcing nvim_exec2() called at /home/hcasten/.dotfiles/.config/nvim/init.lua:0
033.570  000.003  000.003: sourcing nvim_exec2() called at /home/hcasten/.dotfiles/.config/nvim/init.lua:0
033.998  000.006  000.006: sourcing nvim_exec2() called at /home/hcasten/.dotfiles/.config/nvim/init.lua:0
034.014  000.002  000.002: sourcing nvim_exec2() called at /home/hcasten/.dotfiles/.config/nvim/init.lua:0
034.238  000.005  000.005: sourcing nvim_exec2() called at /home/hcasten/.dotfiles/.config/nvim/init.lua:0
034.253  000.002  000.002: sourcing nvim_exec2() called at /home/hcasten/.dotfiles/.config/nvim/init.lua:0
034.302  000.004  000.004: sourcing nvim_exec2() called at /home/hcasten/.dotfiles/.config/nvim/init.lua:0
034.315  000.002  000.002: sourcing nvim_exec2() called at /home/hcasten/.dotfiles/.config/nvim/init.lua:0
035.436  000.008  000.008: sourcing nvim_exec2() called at /home/hcasten/.dotfiles/.config/nvim/init.lua:0
035.460  000.004  000.004: sourcing nvim_exec2() called at /home/hcasten/.dotfiles/.config/nvim/init.lua:0
036.045  000.090  000.090: sourcing nvim_exec2() called at /usr/local/share/nvim/runtime/filetype.lua:0
036.049  000.187  000.098: sourcing /usr/local/share/nvim/runtime/filetype.lua
036.053  000.241  000.054: sourcing nvim_exec2() called at /home/hcasten/.dotfiles/.config/nvim/init.lua:0
036.333  000.044  000.044: sourcing /home/hcasten/.local/share/nvim/lazy/plenary.nvim/plugin/plenary.vim
036.338  000.093  000.050: sourcing nvim_exec2() called at /home/hcasten/.dotfiles/.config/nvim/init.lua:0
036.348  000.003  000.003: sourcing nvim_exec2() called at /home/hcasten/.dotfiles/.config/nvim/init.lua:0
036.360  000.002  000.002: sourcing nvim_exec2() called at /home/hcasten/.dotfiles/.config/nvim/init.lua:0
036.643  000.074  000.074: sourcing /usr/local/share/nvim/runtime/plugin/editorconfig.lua
036.649  000.141  000.067: sourcing nvim_exec2() called at /home/hcasten/.dotfiles/.config/nvim/init.lua:0
036.763  000.070  000.070: sourcing /usr/local/share/nvim/runtime/plugin/man.lua
036.769  000.114  000.044: sourcing nvim_exec2() called at /home/hcasten/.dotfiles/.config/nvim/init.lua:0
038.274  000.514  000.514: sourcing /usr/local/share/nvim/runtime/pack/dist/opt/netrw/plugin/netrwPlugin.vim
038.366  001.534  001.021: sourcing /usr/local/share/nvim/runtime/plugin/netrwPlugin.vim
038.371  001.595  000.061: sourcing nvim_exec2() called at /home/hcasten/.dotfiles/.config/nvim/init.lua:0
038.540  000.097  000.097: sourcing /usr/local/share/nvim/runtime/plugin/osc52.lua
038.548  000.165  000.068: sourcing nvim_exec2() called at /home/hcasten/.dotfiles/.config/nvim/init.lua:0
038.999  000.019  000.019: sourcing /home/hcasten/.local/share/nvim/rplugin.vim
039.011  000.312  000.293: sourcing /usr/local/share/nvim/runtime/plugin/rplugin.vim
039.015  000.397  000.085: sourcing nvim_exec2() called at /home/hcasten/.dotfiles/.config/nvim/init.lua:0
039.160  000.100  000.100: sourcing /usr/local/share/nvim/runtime/plugin/shada.vim
039.165  000.143  000.042: sourcing nvim_exec2() called at /home/hcasten/.dotfiles/.config/nvim/init.lua:0
039.291  000.045  000.045: sourcing /usr/local/share/nvim/runtime/plugin/spellfile.vim
039.298  000.106  000.061: sourcing nvim_exec2() called at /home/hcasten/.dotfiles/.config/nvim/init.lua:0
042.026  000.010  000.010: sourcing nvim_exec2() called at ColorSchemePre Autocommands for "*":0
042.041  000.003  000.003: sourcing nvim_exec2() called at ColorSchemePre Autocommands for "*":0
043.992  001.199  001.199: require('gruvbox')
044.388  000.118  000.118: require('vim.version')
049.048  004.878  004.760: sourcing /home/hcasten/.local/share/nvim/lazy/gruvbox.nvim/colors/gruvbox.lua
049.063  009.549  003.459: sourcing nvim_exec2() called at /home/hcasten/.dotfiles/.config/nvim/init.lua:0
049.099  037.538  016.482: require('config.lazy')
049.500  000.175  000.175: require('config.autocommands.augroups')
049.656  000.452  000.278: require('config.autocommands.general')
049.764  000.105  000.105: require('config.autocommands.lsp')
049.880  000.113  000.113: require('config.autocommands.worktree')
049.897  000.795  000.124: require('config.autocommands')
049.957  044.643  000.309: sourcing /home/hcasten/.config/nvim/init.lua
049.968  000.198: sourcing vimrc file(s)
050.136  000.058  000.058: sourcing /usr/local/share/nvim/runtime/filetype.lua
051.142  000.121  000.121: sourcing /usr/local/share/nvim/runtime/syntax/synload.vim
051.270  001.033  000.912: sourcing /usr/local/share/nvim/runtime/syntax/syntax.vim
051.281  000.223: inits 3
054.668  003.387: reading ShaDa
057.151  000.010  000.010: sourcing nvim_exec2() called at BufNewFile Autocommands for "*":0
057.179  000.003  000.003: sourcing nvim_exec2() called at BufNewFile Autocommands for "*":0
059.722  000.064  000.064: require('vim.treesitter.language')
059.773  000.046  000.046: require('vim.func')
059.860  000.080  000.080: require('vim.func._memoize')
059.907  000.389  000.199: require('vim.treesitter.query')
060.013  000.104  000.104: require('vim.treesitter._range')
060.081  000.692  000.200: require('vim.treesitter.languagetree')
060.089  000.810  000.118: require('vim.treesitter')
060.094  000.926  000.115: require('nvim-treesitter.compat')
062.444  002.098  002.098: require('nvim-treesitter.parsers')
062.669  000.217  000.217: require('nvim-treesitter.utils')
062.682  002.489  000.174: require('nvim-treesitter.ts_utils')
062.691  002.596  000.107: require('nvim-treesitter.tsrange')
062.793  000.099  000.099: require('nvim-treesitter.caching')
062.811  003.785  000.165: require('nvim-treesitter.query')
062.843  005.653  001.867: require('nvim-treesitter.configs')
063.200  000.151  000.151: require('nvim-treesitter.textobjects.repeatable_move')
064.177  000.109  000.109: sourcing /home/hcasten/.local/share/nvim/lazy/nvim-ts-context-commentstring/plugin/ts_context_commentstring.lua
064.186  000.191  000.082: sourcing nvim_exec2() called at BufNewFile Autocommands for "*":0
064.196  000.005  000.005: sourcing nvim_exec2() called at BufNewFile Autocommands for "*":0
064.210  000.002  000.002: sourcing nvim_exec2() called at BufNewFile Autocommands for "*":0
065.745  000.778  000.778: require('nvim-treesitter-endwise')
065.765  000.860  000.082: sourcing /home/hcasten/.local/share/nvim/lazy/nvim-treesitter-endwise/plugin/nvim-treesitter-endwise.lua
065.770  000.916  000.057: sourcing nvim_exec2() called at BufNewFile Autocommands for "*":0
065.780  000.004  000.004: sourcing nvim_exec2() called at BufNewFile Autocommands for "*":0
065.794  000.002  000.002: sourcing nvim_exec2() called at BufNewFile Autocommands for "*":0
068.483  000.159  000.159: require('treesitter-context.config')
068.504  002.483  002.324: require('treesitter-context')
068.640  002.693  000.210: sourcing /home/hcasten/.local/share/nvim/lazy/nvim-treesitter-context/plugin/treesitter-context.lua
068.648  002.748  000.055: sourcing nvim_exec2() called at BufNewFile Autocommands for "*":0
068.660  000.005  000.005: sourcing nvim_exec2() called at BufNewFile Autocommands for "*":0
068.675  000.002  000.002: sourcing nvim_exec2() called at BufNewFile Autocommands for "*":0
068.758  000.005  000.005: sourcing nvim_exec2() called at BufNewFile Autocommands for "*":0
068.770  000.002  000.002: sourcing nvim_exec2() called at BufNewFile Autocommands for "*":0
069.836  000.502  000.502: require('nvim-treesitter.info')
070.176  000.336  000.336: require('nvim-treesitter.shell_command_selectors')
070.336  001.236  000.398: require('nvim-treesitter.install')
070.510  000.170  000.170: require('nvim-treesitter.statusline')
070.826  000.314  000.314: require('nvim-treesitter.query_predicates')
070.830  001.831  000.110: require('nvim-treesitter')
071.209  000.373  000.373: require('vim.iter')
072.262  003.334  001.130: sourcing /home/hcasten/.local/share/nvim/lazy/nvim-treesitter/plugin/nvim-treesitter.lua
072.272  003.396  000.062: sourcing nvim_exec2() called at BufNewFile Autocommands for "*":0
072.283  000.004  000.004: sourcing nvim_exec2() called at BufNewFile Autocommands for "*":0
072.299  000.002  000.002: sourcing nvim_exec2() called at BufNewFile Autocommands for "*":0
072.988  000.102  000.102: require('nvim-treesitter.locals')
072.995  000.221  000.119: require('nvim-treesitter.incremental_selection')
073.138  000.114  000.114: require('nvim-treesitter.indent')
073.238  000.071  000.071: require('nvim-treesitter.highlight')
074.468  000.006  000.006: sourcing nvim_exec2() called at BufNewFile Autocommands for "*":0
074.480  000.002  000.002: sourcing nvim_exec2() called at BufNewFile Autocommands for "*":0
075.965  000.062  000.062: require('mason-core.path')
076.172  000.052  000.052: require('mason-core.functional.data')
076.233  000.057  000.057: require('mason-core.functional.function')
076.305  000.065  000.065: require('mason-core.functional.list')
076.366  000.053  000.053: require('mason-core.functional.relation')
076.422  000.051  000.051: require('mason-core.functional.logic')
076.475  000.049  000.049: require('mason-core.functional.number')
076.536  000.055  000.055: require('mason-core.functional.string')
076.610  000.070  000.070: require('mason-core.functional.table')
076.699  000.053  000.053: require('mason-core.functional.type')
076.703  000.663  000.158: require('mason-core.functional')
076.740  000.771  000.108: require('mason-core.platform')
076.852  000.110  000.110: require('mason.settings')
076.857  001.515  000.572: require('mason-core.installer.InstallLocation')
077.078  000.108  000.108: require('mason-core.log')
077.083  000.161  000.053: require('mason-core.EventEmitter')
077.156  000.071  000.071: require('mason-registry.sources')
077.161  000.303  000.071: require('mason-registry')
077.163  002.674  000.857: require('mason')
077.359  000.105  000.105: require('mason.api.command')
077.432  000.007  000.007: sourcing nvim_exec2() called at BufNewFile Autocommands for "*":0
077.444  000.002  000.002: sourcing nvim_exec2() called at BufNewFile Autocommands for "*":0
078.062  000.005  000.005: sourcing nvim_exec2() called at BufNewFile Autocommands for "*":0
078.074  000.002  000.002: sourcing nvim_exec2() called at BufNewFile Autocommands for "*":0
078.115  000.003  000.003: sourcing nvim_exec2() called at BufNewFile Autocommands for "*":0
078.126  000.002  000.002: sourcing nvim_exec2() called at BufNewFile Autocommands for "*":0
079.045  000.046  000.046: require('null-ls.utils.tbl_flatten')
079.055  000.166  000.120: require('null-ls.utils')
079.096  000.317  000.151: require('null-ls.config')
079.200  000.048  000.048: require('null-ls.helpers.cache')
079.246  000.044  000.044: require('null-ls.helpers.check_exit_code')
079.309  000.061  000.061: require('null-ls.helpers.diagnostics')
079.355  000.044  000.044: require('null-ls.helpers.formatter_factory')
079.469  000.045  000.045: require('null-ls.logger')
079.523  000.051  000.051: require('null-ls.state')
079.526  000.169  000.072: require('null-ls.helpers.generator_factory')
079.639  000.049  000.049: require('null-ls.helpers.command_resolver')
079.641  000.114  000.065: require('null-ls.helpers.make_builtin')
079.691  000.048  000.048: require('null-ls.helpers.range_formatting_args_factory')
079.693  000.595  000.068: require('null-ls.helpers')
079.860  000.058  000.058: require('null-ls.methods')
079.864  000.114  000.056: require('null-ls.diagnostics')
079.869  000.175  000.061: require('null-ls.sources')
079.971  000.099  000.099: require('null-ls.builtins')
079.974  001.840  000.653: require('null-ls')
081.663  000.062  000.062: require('mason-null-ls.automatic_setup')
081.670  001.694  001.632: require('mason-null-ls')
081.739  000.066  000.066: require('mason-null-ls.settings')
081.927  000.084  000.084: require('vim.health')
081.932  000.149  000.065: require('vim.deprecated.health')
082.053  000.084  000.084: require('mason-null-ls.ensure_installed')
082.156  000.074  000.074: require('mason-core.async')
082.272  000.057  000.057: require('mason-core.async.control')
082.330  000.055  000.055: require('mason-core.result')
082.442  000.046  000.046: require('mason-core.async.uv')
082.448  000.116  000.070: require('mason-core.fs')
082.468  000.310  000.082: require('mason-registry.installer')
082.683  000.074  000.074: require('mason-core.optional')
082.913  000.115  000.115: require('mason-core.process')
082.979  000.064  000.064: require('mason-core.spawn')
082.984  000.236  000.057: require('mason-core.installer.managers.powershell')
083.031  000.046  000.046: require('mason.version')
083.035  000.348  000.066: require('mason-core.fetch')
083.084  000.048  000.048: require('mason-core.providers')
083.462  000.150  000.150: require('mason-core.purl')
083.473  000.252  000.102: require('mason-core.package.AbstractPackage')
083.863  000.083  000.083: require('mason-core.installer.compiler.expr')
083.874  000.202  000.119: require('mason-core.installer.compiler.link')
084.248  000.063  000.063: require('mason-core.installer.context.InstallContextCwd')
084.320  000.069  000.069: require('mason-core.installer.context.InstallContextFs')
084.384  000.061  000.061: require('mason-core.installer.context.InstallContextSpawn')
084.458  000.071  000.071: require('mason-core.receipt')
084.480  000.384  000.120: require('mason-core.installer.context')
084.482  000.443  000.059: require('mason-core.installer')
084.501  000.554  000.110: require('mason-core.installer.managers.std')
084.503  000.627  000.073: require('mason-core.installer.compiler.schemas')
084.650  000.145  000.145: require('mason-core.installer.compiler.util')
084.697  001.117  000.143: require('mason-core.installer.compiler')
084.787  000.087  000.087: require('mason-core.installer.linker')
084.792  001.317  000.113: require('mason-core.installer.InstallRunner')
084.867  000.073  000.073: require('mason-core.installer.UninstallRunner')
084.876  001.741  000.098: require('mason-core.package')
084.879  001.792  000.051: require('mason-registry.sources.util')
084.891  002.364  000.102: require('mason-registry.sources.github')
085.946  000.452  000.452: require('mason-vendor.zzlib.inflate-bit32')
085.951  000.964  000.512: require('mason-vendor.zzlib')
086.926  000.065  000.065: require('mason-core.notify')
086.978  000.238  000.172: require('mason-null-ls.api.command')
087.137  000.154  000.154: require('null-ls.builtins.code_actions.gomodifytags')
087.255  000.113  000.113: require('null-ls.builtins.code_actions.impl')
087.427  000.168  000.168: require('null-ls.builtins.diagnostics.cmake_lint')
087.541  000.108  000.108: require('null-ls.builtins.diagnostics.mypy')
087.671  000.126  000.126: require('null-ls.builtins.diagnostics.hadolint')
087.790  000.114  000.114: require('null-ls.builtins.diagnostics.cppcheck')
087.926  000.132  000.132: require('null-ls.builtins.diagnostics.golangci_lint')
088.044  000.113  000.113: require('null-ls.builtins.diagnostics.terraform_validate')
088.953  000.811  000.811: require('null-ls.builtins.diagnostics.opentofu_validate')
089.101  000.142  000.142: require('null-ls.builtins.diagnostics.protolint')
090.002  000.103  000.103: require('null-ls.loop')
090.013  000.239  000.136: require('null-ls.client')
090.322  000.012  000.012: sourcing nvim_exec2() called at BufNewFile Autocommands for "*":0
090.340  000.003  000.003: sourcing nvim_exec2() called at BufNewFile Autocommands for "*":0
091.377  001.026  001.026: require('mini.cursorword')
095.566  002.282  002.282: sourcing /usr/local/share/nvim/runtime/ftplugin/lua.vim
110.155  000.226  000.226: require('vim.treesitter.highlighter')
115.470  019.849  019.622: sourcing /usr/local/share/nvim/runtime/ftplugin/lua.lua
116.785  000.216  000.216: sourcing /usr/local/share/nvim/runtime/indent/lua.vim
118.735  001.062  001.062: require('lazydev')
119.045  000.307  000.307: require('lazydev.config')
119.380  000.322  000.322: require('lazydev.util')
123.059  002.028  002.028: sourcing /usr/local/share/nvim/runtime/syntax/lua.vim
124.583  000.150  000.150: sourcing /usr/local/share/nvim/runtime/ftplugin/lua.vim
125.047  000.410  000.410: sourcing /usr/local/share/nvim/runtime/ftplugin/lua.lua
126.320  000.053  000.053: sourcing /usr/local/share/nvim/runtime/indent/lua.vim
137.313  000.314  000.314: require('vim.lsp.client')
137.672  000.149  000.149: require('vim._system')
145.394  000.130  000.130: require('ts_context_commentstring.utils')
145.543  000.143  000.143: require('ts_context_commentstring.config')
145.569  000.435  000.163: require('ts_context_commentstring.internal')
145.848  000.179  000.179: require('nvim-treesitter.endwise')
151.468  001.468  001.468: sourcing /usr/local/share/nvim/runtime/syntax/lua.vim
152.251  000.237  000.237: require('editorconfig')
155.484  002.254  002.254: require('mason-registry.api')
155.508  002.555  000.301: require('mason.providers.registry-api')
158.662  044.616: opening buffers
158.894  000.060  000.060: sourcing nvim_exec2() called at BufEnter Autocommands for "*":0
158.901  000.179: BufEnter autocommands
158.907  000.007: editing files in windows
159.182  000.007  000.007: sourcing nvim_exec2() called at VimEnter Autocommands for "*":0
159.200  000.003  000.003: sourcing nvim_exec2() called at VimEnter Autocommands for "*":0
161.009  001.778  001.778: require('alpha.themes.dashboard')
161.469  000.353  000.353: require('alpha')
161.854  000.806: VimEnter autocommands
169.103  007.249: UIEnter autocommands
170.236  000.907  000.907: sourcing /usr/local/share/nvim/runtime/autoload/provider/clipboard.vim
170.246  000.237: before starting main loop
171.065  000.819: first screen update
171.068  000.003: --- NVIM STARTED ---
